<?xml version="1.0" encoding="UTF-8"?>
<testsuite xmlns:xsi="http://www.w3.org/2001/XMLSchema-instance" xsi:noNamespaceSchemaLocation="https://maven.apache.org/surefire/maven-surefire-plugin/xsd/surefire-test-report.xsd" name="com.example.javamavenjunithelloworld.HelloTest" time="0.096" tests="4" errors="0" skipped="0" failures="0">
  <properties>
[...]
</properties>
  <testcase name="testIllegalArgumentForHelloNegative" classname="com.example.javamavenjunithelloworld.HelloTest" time="0.073"/>
  <testcase name="testSayHello" classname="com.example.javamavenjunithelloworld.HelloTest" time="0.003"/>
  <testcase name="testSayHelloAFewTimes" classname="com.example.javamavenjunithelloworld.HelloTest" time="0.003"/>
  <testcase name="testIllegalArgumentForHelloTooMuch" classname="com.example.javamavenjunithelloworld.HelloTest" time="0.003"/>
</testsuite>